2019-08-08 10:06:54,834 INFO  [org.jboss.as.server] (Thread-2) WFLYSRV0220: Server shutdown has been requested via an OS signal
2019-08-08 10:06:54,910 INFO  [org.jboss.as.connector.subsystems.datasources] (MSC service thread 1-1) WFLYJCA0010: Unbound data source [java:jboss/datasources/KeycloakDS]
2019-08-08 10:06:54,977 INFO  [org.wildfly.extension.undertow] (ServerService Thread Pool -- 6) WFLYUT0022: Unregistered web context: '/auth' from server 'default-server'
2019-08-08 10:06:55,129 INFO  [org.wildfly.extension.undertow] (MSC service thread 1-4) WFLYUT0008: Undertow HTTPS listener https suspending
2019-08-08 10:06:55,168 INFO  [org.wildfly.extension.undertow] (MSC service thread 1-4) WFLYUT0007: Undertow HTTPS listener https stopped, was bound to 0.0.0.0:8543
2019-08-08 10:06:55,296 INFO  [org.jboss.as.connector.subsystems.datasources] (MSC service thread 1-2) WFLYJCA0010: Unbound data source [java:jboss/datasources/ExampleDS]
2019-08-08 10:06:55,318 INFO  [org.jboss.as.connector.deployers.jdbc] (MSC service thread 1-8) WFLYJCA0019: Stopped Driver service with driver-name = h2
2019-08-08 10:06:55,329 INFO  [org.wildfly.extension.undertow] (MSC service thread 1-5) WFLYUT0019: Host default-host stopping
2019-08-08 10:06:55,377 INFO  [org.wildfly.extension.undertow] (MSC service thread 1-2) WFLYUT0008: Undertow HTTP listener default suspending
2019-08-08 10:06:55,379 INFO  [org.wildfly.extension.undertow] (MSC service thread 1-2) WFLYUT0007: Undertow HTTP listener default stopped, was bound to 0.0.0.0:8180
2019-08-08 10:06:55,380 INFO  [org.wildfly.extension.undertow] (MSC service thread 1-2) WFLYUT0004: Undertow 1.4.18.Final stopping
2019-08-08 10:06:55,407 INFO  [org.jboss.as.clustering.infinispan] (ServerService Thread Pool -- 63) WFLYCLINF0003: Stopped client-mappings cache from ejb container
2019-08-08 10:06:55,409 INFO  [org.jboss.as.clustering.infinispan] (ServerService Thread Pool -- 61) WFLYCLINF0003: Stopped offlineSessions cache from keycloak container
2019-08-08 10:06:55,408 INFO  [org.jboss.as.clustering.infinispan] (ServerService Thread Pool -- 62) WFLYCLINF0003: Stopped keys cache from keycloak container
2019-08-08 10:06:55,423 INFO  [org.jboss.as.clustering.infinispan] (ServerService Thread Pool -- 6) WFLYCLINF0003: Stopped users cache from keycloak container
2019-08-08 10:06:55,437 INFO  [org.jboss.as.server.deployment] (MSC service thread 1-6) WFLYSRV0028: Stopped deployment keycloak-server.war (runtime-name: keycloak-server.war) in 501ms
2019-08-08 10:06:55,467 INFO  [org.jboss.as.clustering.infinispan] (ServerService Thread Pool -- 66) WFLYCLINF0003: Stopped authenticationSessions cache from keycloak container
2019-08-08 10:06:55,473 INFO  [org.jboss.as.clustering.infinispan] (ServerService Thread Pool -- 70) WFLYCLINF0003: Stopped authorization cache from keycloak container
2019-08-08 10:06:55,474 INFO  [org.jboss.as.clustering.infinispan] (ServerService Thread Pool -- 71) WFLYCLINF0003: Stopped loginFailures cache from keycloak container
2019-08-08 10:06:55,476 INFO  [org.jboss.as.clustering.infinispan] (ServerService Thread Pool -- 64) WFLYCLINF0003: Stopped realms cache from keycloak container
2019-08-08 10:06:55,476 INFO  [org.jboss.as.clustering.infinispan] (ServerService Thread Pool -- 67) WFLYCLINF0003: Stopped work cache from keycloak container
2019-08-08 10:06:55,476 INFO  [org.jboss.as.clustering.infinispan] (ServerService Thread Pool -- 68) WFLYCLINF0003: Stopped clientSessions cache from keycloak container
2019-08-08 10:06:55,477 INFO  [org.jboss.as.clustering.infinispan] (ServerService Thread Pool -- 72) WFLYCLINF0003: Stopped actionTokens cache from keycloak container
2019-08-08 10:06:55,477 INFO  [org.jboss.as.clustering.infinispan] (ServerService Thread Pool -- 69) WFLYCLINF0003: Stopped sessions cache from keycloak container
2019-08-08 10:06:55,477 INFO  [org.jboss.as.clustering.infinispan] (ServerService Thread Pool -- 65) WFLYCLINF0003: Stopped offlineClientSessions cache from keycloak container
2019-08-08 10:06:55,505 INFO  [org.jboss.as.clustering.infinispan] (MSC service thread 1-1) WFLYCLINF0003: Stopped authorizationRevisions cache from keycloak container
2019-08-08 10:06:55,544 INFO  [org.jboss.as.clustering.infinispan] (MSC service thread 1-1) WFLYCLINF0003: Stopped realmRevisions cache from keycloak container
2019-08-08 10:06:55,549 INFO  [org.jboss.as.clustering.infinispan] (MSC service thread 1-1) WFLYCLINF0003: Stopped userRevisions cache from keycloak container
2019-08-08 10:06:55,584 INFO  [org.jboss.as] (MSC service thread 1-3) WFLYSRV0050: Keycloak 3.4.3.Final (WildFly Core 3.0.8.Final) stopped in 606ms
2019-08-08 10:07:39,860 INFO  [org.jboss.modules] (main) JBoss Modules version 1.6.1.Final
2019-08-08 10:07:40,764 INFO  [org.jboss.msc] (main) JBoss MSC version 1.2.7.SP1
2019-08-08 10:07:40,934 INFO  [org.jboss.as] (MSC service thread 1-8) WFLYSRV0049: Keycloak 3.4.3.Final (WildFly Core 3.0.8.Final) starting
2019-08-08 10:07:40,936 DEBUG [org.jboss.as.config] (MSC service thread 1-8) Configured system properties:
	awt.toolkit = sun.awt.windows.WToolkit
	file.encoding = Cp1252
	file.encoding.pkg = sun.io
	file.separator = \
	java.awt.graphicsenv = sun.awt.Win32GraphicsEnvironment
	java.awt.printerjob = sun.awt.windows.WPrinterJob
	java.class.path = C:\Users\ddey\Desktop\keycloak-3.4.3\keycloak-3.4.3.Final\jboss-modules.jar
	java.class.version = 52.0
	java.endorsed.dirs = C:\Program Files\Java\jdk1.8.0_211\jre\lib\endorsed
	java.ext.dirs = C:\Program Files\Java\jdk1.8.0_211\jre\lib\ext;C:\windows\Sun\Java\lib\ext
	java.home = C:\Program Files\Java\jdk1.8.0_211\jre
	java.io.tmpdir = C:\Users\ddey\AppData\Local\Temp\2\
	java.library.path = C:\Program Files\Java\jdk1.8.0_211\bin;C:\windows\Sun\Java\bin;C:\windows\system32;C:\windows;C:\Program Files (x86)\Common Files\Oracle\Java\javapath;C:\windows\system32;C:\windows;C:\windows\System32\Wbem;C:\windows\System32\WindowsPowerShell\v1.0\;C:\Program Files\Git\cmd;C:\Program Files\TortoiseGit\bin;c:\Program Files (x86)\Microsoft SQL Server\100\Tools\Binn\;c:\Program Files\Microsoft SQL Server\100\Tools\Binn\;c:\Program Files\Microsoft SQL Server\100\DTS\Binn\;C:\Program Files\Microsoft VS Code\bin;C:\Program Files\nodejs\;C:\Users\ddey\AppData\Local\Continuum\anaconda3;C:\Users\ddey\AppData\Local\Continuum\anaconda3\Library\mingw-w64\bin;C:\Users\ddey\AppData\Local\Continuum\anaconda3\Library\usr\bin;C:\Users\ddey\AppData\Local\Continuum\anaconda3\Library\bin;C:\Users\ddey\AppData\Local\Continuum\anaconda3\Scripts;C:\Users\ddey\AppData\Local\Microsoft\WindowsApps;C:\Users\ddey\AppData\Local\JetBrains\PyCharm Edu 2018.3\bin;;C:\MinGW\bin;C:\Program Files\MongoDB\Server\4.0\bin;C:\Users\ddey\AppData\Roaming\npm;.
	java.net.preferIPv4Stack = true
	java.runtime.name = Java(TM) SE Runtime Environment
	java.runtime.version = 1.8.0_211-b12
	java.specification.name = Java Platform API Specification
	java.specification.vendor = Oracle Corporation
	java.specification.version = 1.8
	java.util.logging.manager = org.jboss.logmanager.LogManager
	java.vendor = Oracle Corporation
	java.vendor.url = http://java.oracle.com/
	java.vendor.url.bug = http://bugreport.sun.com/bugreport/
	java.version = 1.8.0_211
	java.vm.info = mixed mode
	java.vm.name = Java HotSpot(TM) 64-Bit Server VM
	java.vm.specification.name = Java Virtual Machine Specification
	java.vm.specification.vendor = Oracle Corporation
	java.vm.specification.version = 1.8
	java.vm.vendor = Oracle Corporation
	java.vm.version = 25.211-b12
	javax.management.builder.initial = org.jboss.as.jmx.PluggableMBeanServerBuilder
	javax.xml.datatype.DatatypeFactory = __redirected.__DatatypeFactory
	javax.xml.parsers.DocumentBuilderFactory = __redirected.__DocumentBuilderFactory
	javax.xml.parsers.SAXParserFactory = __redirected.__SAXParserFactory
	javax.xml.stream.XMLEventFactory = __redirected.__XMLEventFactory
	javax.xml.stream.XMLInputFactory = __redirected.__XMLInputFactory
	javax.xml.stream.XMLOutputFactory = __redirected.__XMLOutputFactory
	javax.xml.transform.TransformerFactory = __redirected.__TransformerFactory
	javax.xml.validation.SchemaFactory:http://www.w3.org/2001/XMLSchema = __redirected.__SchemaFactory
	javax.xml.xpath.XPathFactory:http://java.sun.com/jaxp/xpath/dom = __redirected.__XPathFactory
	jboss.bind.address = 0.0.0.0
	jboss.home.dir = C:\Users\ddey\Desktop\keycloak-3.4.3\keycloak-3.4.3.Final
	jboss.host.name = swindttestify02
	jboss.modules.dir = C:\Users\ddey\Desktop\keycloak-3.4.3\keycloak-3.4.3.Final\modules
	jboss.modules.system.pkgs = org.jboss.byteman
	jboss.node.name = swindttestify02
	jboss.qualified.host.name = swindttestify02
	jboss.server.base.dir = C:\Users\ddey\Desktop\keycloak-3.4.3\keycloak-3.4.3.Final\standalone
	jboss.server.config.dir = C:\Users\ddey\Desktop\keycloak-3.4.3\keycloak-3.4.3.Final\standalone\configuration
	jboss.server.data.dir = C:\Users\ddey\Desktop\keycloak-3.4.3\keycloak-3.4.3.Final\standalone\data
	jboss.server.deploy.dir = C:\Users\ddey\Desktop\keycloak-3.4.3\keycloak-3.4.3.Final\standalone\data\content
	jboss.server.log.dir = C:\Users\ddey\Desktop\keycloak-3.4.3\keycloak-3.4.3.Final\standalone\log
	jboss.server.name = swindttestify02
	jboss.server.persist.config = true
	jboss.server.temp.dir = C:\Users\ddey\Desktop\keycloak-3.4.3\keycloak-3.4.3.Final\standalone\tmp
	jboss.socket.binding.port-offset = 100
	line.separator = 

	logging.configuration = file:C:\Users\ddey\Desktop\keycloak-3.4.3\keycloak-3.4.3.Final\standalone\configuration/logging.properties
	module.path = C:\Users\ddey\Desktop\keycloak-3.4.3\keycloak-3.4.3.Final\modules
	org.jboss.boot.log.file = C:\Users\ddey\Desktop\keycloak-3.4.3\keycloak-3.4.3.Final\standalone\log\server.log
	org.jboss.resolver.warning = true
	org.xml.sax.driver = __redirected.__XMLReaderFactory
	os.arch = amd64
	os.name = Windows Server 2016
	os.version = 10.0
	path.separator = ;
	program.name = standalone.bat
	sun.arch.data.model = 64
	sun.boot.class.path = C:\Program Files\Java\jdk1.8.0_211\jre\lib\resources.jar;C:\Program Files\Java\jdk1.8.0_211\jre\lib\rt.jar;C:\Program Files\Java\jdk1.8.0_211\jre\lib\sunrsasign.jar;C:\Program Files\Java\jdk1.8.0_211\jre\lib\jsse.jar;C:\Program Files\Java\jdk1.8.0_211\jre\lib\jce.jar;C:\Program Files\Java\jdk1.8.0_211\jre\lib\charsets.jar;C:\Program Files\Java\jdk1.8.0_211\jre\lib\jfr.jar;C:\Program Files\Java\jdk1.8.0_211\jre\classes
	sun.boot.library.path = C:\Program Files\Java\jdk1.8.0_211\jre\bin
	sun.cpu.endian = little
	sun.cpu.isalist = amd64
	sun.desktop = windows
	sun.io.unicode.encoding = UnicodeLittle
	sun.java.command = C:\Users\ddey\Desktop\keycloak-3.4.3\keycloak-3.4.3.Final\jboss-modules.jar -mp C:\Users\ddey\Desktop\keycloak-3.4.3\keycloak-3.4.3.Final\modules org.jboss.as.standalone -Djboss.home.dir=C:\Users\ddey\Desktop\keycloak-3.4.3\keycloak-3.4.3.Final -b 0.0.0.0 -Djboss.socket.binding.port-offset=100
	sun.java.launcher = SUN_STANDARD
	sun.jnu.encoding = Cp1252
	sun.management.compiler = HotSpot 64-Bit Tiered Compilers
	sun.os.patch.level = 
	sun.stderr.encoding = cp437
	sun.stdout.encoding = cp437
	user.country = IN
	user.dir = C:\Users\ddey\Desktop\keycloak-3.4.3\keycloak-3.4.3.Final\bin
	user.home = C:\Users\ddey
	user.language = en
	user.name = ddey
	user.script = 
	user.timezone = Asia/Calcutta
	user.variant = 
2019-08-08 10:07:40,937 DEBUG [org.jboss.as.config] (MSC service thread 1-8) VM Arguments: -Dprogram.name=standalone.bat -Xms64M -Xmx512M -XX:MetaspaceSize=96M -XX:MaxMetaspaceSize=256m -Djava.net.preferIPv4Stack=true -Djboss.modules.system.pkgs=org.jboss.byteman -Dorg.jboss.boot.log.file=C:\Users\ddey\Desktop\keycloak-3.4.3\keycloak-3.4.3.Final\standalone\log\server.log -Dlogging.configuration=file:C:\Users\ddey\Desktop\keycloak-3.4.3\keycloak-3.4.3.Final\standalone\configuration/logging.properties 
2019-08-08 10:07:42,390 INFO  [org.jboss.as.controller.management-deprecated] (Controller Boot Thread) WFLYCTL0028: Attribute 'security-realm' in the resource at address '/core-service=management/management-interface=http-interface' is deprecated, and may be removed in future version. See the attribute description in the output of the read-resource-description operation to learn more about the deprecation.
2019-08-08 10:07:42,415 INFO  [org.wildfly.security] (ServerService Thread Pool -- 10) ELY00001: WildFly Elytron version 1.1.6.Final
2019-08-08 10:07:42,432 INFO  [org.jboss.as.controller.management-deprecated] (ServerService Thread Pool -- 8) WFLYCTL0028: Attribute 'security-realm' in the resource at address '/subsystem=undertow/server=default-server/https-listener=https' is deprecated, and may be removed in future version. See the attribute description in the output of the read-resource-description operation to learn more about the deprecation.
2019-08-08 10:07:42,584 INFO  [org.jboss.as.server] (Controller Boot Thread) WFLYSRV0039: Creating http management service using socket-binding (management-http)
2019-08-08 10:07:42,613 INFO  [org.xnio] (MSC service thread 1-7) XNIO version 3.5.4.Final
2019-08-08 10:07:42,622 INFO  [org.xnio.nio] (MSC service thread 1-7) XNIO NIO Implementation Version 3.5.4.Final
2019-08-08 10:07:42,652 WARN  [org.jboss.as.txn] (ServerService Thread Pool -- 43) WFLYTX0013: The node-identifier attribute on the /subsystem=transactions is set to the default value. This is a danger for environments running multiple servers. Please make sure the attribute value is unique.
2019-08-08 10:07:42,676 INFO  [org.jboss.as.jaxrs] (ServerService Thread Pool -- 32) WFLYRS0016: RESTEasy version 3.0.24.Final
2019-08-08 10:07:42,679 INFO  [org.jboss.as.naming] (ServerService Thread Pool -- 37) WFLYNAM0001: Activating Naming Subsystem
2019-08-08 10:07:42,698 INFO  [org.jboss.as.security] (ServerService Thread Pool -- 42) WFLYSEC0002: Activating Security Subsystem
2019-08-08 10:07:42,700 INFO  [org.jboss.as.clustering.infinispan] (ServerService Thread Pool -- 31) WFLYCLINF0001: Activating Infinispan subsystem.
2019-08-08 10:07:42,721 INFO  [org.wildfly.extension.undertow] (MSC service thread 1-3) WFLYUT0003: Undertow 1.4.18.Final starting
2019-08-08 10:07:42,742 INFO  [org.jboss.as.security] (MSC service thread 1-8) WFLYSEC0001: Current PicketBox version=5.0.2.Final
2019-08-08 10:07:42,782 INFO  [org.jboss.as.connector] (MSC service thread 1-6) WFLYJCA0009: Starting JCA Subsystem (WildFly/IronJacamar 1.4.6.Final)
2019-08-08 10:07:42,866 INFO  [org.jboss.as.connector.subsystems.datasources] (ServerService Thread Pool -- 26) WFLYJCA0004: Deploying JDBC-compliant driver class org.h2.Driver (version 1.4)
2019-08-08 10:07:42,881 INFO  [org.jboss.as.connector.deployers.jdbc] (MSC service thread 1-3) WFLYJCA0018: Started Driver service with driver-name = h2
2019-08-08 10:07:42,985 INFO  [org.jboss.as.mail.extension] (MSC service thread 1-1) WFLYMAIL0001: Bound mail session [java:jboss/mail/Default]
2019-08-08 10:07:42,987 INFO  [org.jboss.as.naming] (MSC service thread 1-3) WFLYNAM0003: Starting Naming Service
2019-08-08 10:07:43,028 INFO  [org.wildfly.extension.io] (ServerService Thread Pool -- 30) WFLYIO001: Worker 'default' has auto-configured to 8 core threads with 64 task threads based on your 4 available processors
2019-08-08 10:07:43,095 INFO  [org.jboss.as.ejb3] (MSC service thread 1-6) WFLYEJB0481: Strict pool slsb-strict-max-pool is using a max instance size of 64 (per class), which is derived from thread worker pool sizing.
2019-08-08 10:07:43,106 INFO  [org.jboss.as.ejb3] (MSC service thread 1-3) WFLYEJB0482: Strict pool mdb-strict-max-pool is using a max instance size of 16 (per class), which is derived from the number of CPUs on this host.
2019-08-08 10:07:43,189 INFO  [org.jboss.remoting] (MSC service thread 1-7) JBoss Remoting version 5.0.5.Final
2019-08-08 10:07:43,216 INFO  [org.wildfly.extension.undertow] (ServerService Thread Pool -- 44) WFLYUT0014: Creating file handler for path 'C:\Users\ddey\Desktop\keycloak-3.4.3\keycloak-3.4.3.Final/welcome-content' with options [directory-listing: 'false', follow-symlink: 'false', case-sensitive: 'true', safe-symlink-paths: '[]']
2019-08-08 10:07:43,260 INFO  [org.wildfly.extension.undertow] (MSC service thread 1-2) WFLYUT0012: Started server default-server.
2019-08-08 10:07:43,284 INFO  [org.wildfly.extension.undertow] (MSC service thread 1-3) WFLYUT0018: Host default-host starting
2019-08-08 10:07:43,429 INFO  [org.wildfly.extension.undertow] (MSC service thread 1-2) WFLYUT0006: Undertow HTTP listener default listening on 0.0.0.0:8180
2019-08-08 10:07:43,460 INFO  [org.jboss.as.patching] (MSC service thread 1-2) WFLYPAT0050: Keycloak cumulative patch ID is: base, one-off patches include: none
2019-08-08 10:07:43,518 WARN  [org.jboss.as.domain.management.security] (MSC service thread 1-6) WFLYDM0111: Keystore C:\Users\ddey\Desktop\keycloak-3.4.3\keycloak-3.4.3.Final\standalone\configuration\application.keystore not found, it will be auto generated on first use with a self signed certificate for host localhost
2019-08-08 10:07:43,523 INFO  [org.jboss.as.server.deployment.scanner] (MSC service thread 1-6) WFLYDS0013: Started FileSystemDeploymentService for directory C:\Users\ddey\Desktop\keycloak-3.4.3\keycloak-3.4.3.Final\standalone\deployments
2019-08-08 10:07:43,559 INFO  [org.jboss.as.server.deployment] (MSC service thread 1-4) WFLYSRV0027: Starting deployment of "keycloak-server.war" (runtime-name: "keycloak-server.war")
2019-08-08 10:07:43,584 INFO  [org.jboss.as.ejb3] (MSC service thread 1-6) WFLYEJB0493: EJB subsystem suspension complete
2019-08-08 10:07:43,738 INFO  [org.jboss.as.connector.subsystems.datasources] (MSC service thread 1-1) WFLYJCA0001: Bound data source [java:jboss/datasources/KeycloakDS]
2019-08-08 10:07:43,738 INFO  [org.jboss.as.connector.subsystems.datasources] (MSC service thread 1-5) WFLYJCA0001: Bound data source [java:jboss/datasources/ExampleDS]
2019-08-08 10:07:44,146 INFO  [org.wildfly.extension.undertow] (MSC service thread 1-5) WFLYUT0006: Undertow HTTPS listener https listening on 0.0.0.0:8543
2019-08-08 10:07:44,268 INFO  [org.infinispan.factories.GlobalComponentRegistry] (MSC service thread 1-7) ISPN000128: Infinispan version: Infinispan 'Chakra' 8.2.8.Final
2019-08-08 10:07:44,632 INFO  [org.jboss.as.clustering.infinispan] (ServerService Thread Pool -- 55) WFLYCLINF0002: Started loginFailures cache from keycloak container
2019-08-08 10:07:44,645 INFO  [org.jboss.as.clustering.infinispan] (ServerService Thread Pool -- 49) WFLYCLINF0002: Started authorization cache from keycloak container
2019-08-08 10:07:44,647 INFO  [org.jboss.as.clustering.infinispan] (ServerService Thread Pool -- 54) WFLYCLINF0002: Started keys cache from keycloak container
2019-08-08 10:07:44,647 INFO  [org.jboss.as.clustering.infinispan] (ServerService Thread Pool -- 51) WFLYCLINF0002: Started work cache from keycloak container
2019-08-08 10:07:44,648 INFO  [org.jboss.as.clustering.infinispan] (ServerService Thread Pool -- 47) WFLYCLINF0002: Started authenticationSessions cache from keycloak container
2019-08-08 10:07:44,648 INFO  [org.jboss.as.clustering.infinispan] (ServerService Thread Pool -- 50) WFLYCLINF0002: Started realms cache from keycloak container
2019-08-08 10:07:44,649 INFO  [org.jboss.as.clustering.infinispan] (ServerService Thread Pool -- 58) WFLYCLINF0002: Started sessions cache from keycloak container
2019-08-08 10:07:44,649 INFO  [org.jboss.as.clustering.infinispan] (ServerService Thread Pool -- 57) WFLYCLINF0002: Started offlineSessions cache from keycloak container
2019-08-08 10:07:44,649 INFO  [org.jboss.as.clustering.infinispan] (ServerService Thread Pool -- 53) WFLYCLINF0002: Started actionTokens cache from keycloak container
2019-08-08 10:07:44,650 INFO  [org.jboss.as.clustering.infinispan] (ServerService Thread Pool -- 52) WFLYCLINF0002: Started clientSessions cache from keycloak container
2019-08-08 10:07:44,650 INFO  [org.jboss.as.clustering.infinispan] (ServerService Thread Pool -- 48) WFLYCLINF0002: Started offlineClientSessions cache from keycloak container
2019-08-08 10:07:44,651 INFO  [org.jboss.as.clustering.infinispan] (ServerService Thread Pool -- 46) WFLYCLINF0002: Started users cache from keycloak container
2019-08-08 10:07:44,651 INFO  [org.jboss.as.clustering.infinispan] (ServerService Thread Pool -- 56) WFLYCLINF0002: Started client-mappings cache from ejb container
2019-08-08 10:07:45,562 INFO  [org.keycloak.services] (ServerService Thread Pool -- 50) KC-SERVICES0001: Loading config from standalone.xml or domain.xml
2019-08-08 10:07:45,907 INFO  [org.jboss.as.clustering.infinispan] (ServerService Thread Pool -- 50) WFLYCLINF0002: Started realmRevisions cache from keycloak container
2019-08-08 10:07:45,912 INFO  [org.jboss.as.clustering.infinispan] (ServerService Thread Pool -- 50) WFLYCLINF0002: Started userRevisions cache from keycloak container
2019-08-08 10:07:45,930 INFO  [org.jboss.as.clustering.infinispan] (ServerService Thread Pool -- 50) WFLYCLINF0002: Started authorizationRevisions cache from keycloak container
2019-08-08 10:07:45,931 INFO  [org.keycloak.connections.infinispan.DefaultInfinispanConnectionProviderFactory] (ServerService Thread Pool -- 50) Node name: swindttestify02, Site name: null
2019-08-08 10:07:49,133 INFO  [org.hibernate.jpa.internal.util.LogHelper] (ServerService Thread Pool -- 50) HHH000204: Processing PersistenceUnitInfo [
	name: keycloak-default
	...]
2019-08-08 10:07:49,197 INFO  [org.hibernate.Version] (ServerService Thread Pool -- 50) HHH000412: Hibernate Core {5.1.10.Final}
2019-08-08 10:07:49,200 INFO  [org.hibernate.cfg.Environment] (ServerService Thread Pool -- 50) HHH000206: hibernate.properties not found
2019-08-08 10:07:49,203 INFO  [org.hibernate.cfg.Environment] (ServerService Thread Pool -- 50) HHH000021: Bytecode provider name : javassist
2019-08-08 10:07:49,239 INFO  [org.hibernate.annotations.common.Version] (ServerService Thread Pool -- 50) HCANN000001: Hibernate Commons Annotations {5.0.1.Final}
2019-08-08 10:07:49,411 INFO  [org.hibernate.dialect.Dialect] (ServerService Thread Pool -- 50) HHH000400: Using dialect: org.hibernate.dialect.H2Dialect
2019-08-08 10:07:49,418 WARN  [org.hibernate.dialect.H2Dialect] (ServerService Thread Pool -- 50) HHH000431: Unable to determine H2 database version, certain features may not work
2019-08-08 10:07:49,462 INFO  [org.hibernate.envers.boot.internal.EnversServiceImpl] (ServerService Thread Pool -- 50) Envers integration enabled? : true
2019-08-08 10:07:50,027 INFO  [org.hibernate.validator.internal.util.Version] (ServerService Thread Pool -- 50) HV000001: Hibernate Validator 5.3.5.Final
2019-08-08 10:07:50,847 INFO  [org.hibernate.hql.internal.QueryTranslatorFactoryInitiator] (ServerService Thread Pool -- 50) HHH000397: Using ASTQueryTranslatorFactory
2019-08-08 10:07:52,571 INFO  [org.jboss.resteasy.resteasy_jaxrs.i18n] (ServerService Thread Pool -- 50) RESTEASY002225: Deploying javax.ws.rs.core.Application: class org.keycloak.services.resources.KeycloakApplication
2019-08-08 10:07:52,572 INFO  [org.jboss.resteasy.resteasy_jaxrs.i18n] (ServerService Thread Pool -- 50) RESTEASY002205: Adding provider class org.keycloak.services.filters.KeycloakTransactionCommitter from Application class org.keycloak.services.resources.KeycloakApplication
2019-08-08 10:07:52,573 INFO  [org.jboss.resteasy.resteasy_jaxrs.i18n] (ServerService Thread Pool -- 50) RESTEASY002205: Adding provider class org.keycloak.services.error.KeycloakErrorHandler from Application class org.keycloak.services.resources.KeycloakApplication
2019-08-08 10:07:52,576 INFO  [org.jboss.resteasy.resteasy_jaxrs.i18n] (ServerService Thread Pool -- 50) RESTEASY002200: Adding class resource org.keycloak.services.resources.ThemeResource from Application class org.keycloak.services.resources.KeycloakApplication
2019-08-08 10:07:52,576 INFO  [org.jboss.resteasy.resteasy_jaxrs.i18n] (ServerService Thread Pool -- 50) RESTEASY002200: Adding class resource org.keycloak.services.resources.JsResource from Application class org.keycloak.services.resources.KeycloakApplication
2019-08-08 10:07:52,577 INFO  [org.jboss.resteasy.resteasy_jaxrs.i18n] (ServerService Thread Pool -- 50) RESTEASY002210: Adding provider singleton org.keycloak.services.util.ObjectMapperResolver from Application class org.keycloak.services.resources.KeycloakApplication
2019-08-08 10:07:52,578 INFO  [org.jboss.resteasy.resteasy_jaxrs.i18n] (ServerService Thread Pool -- 50) RESTEASY002220: Adding singleton resource org.keycloak.services.resources.admin.AdminRoot from Application class org.keycloak.services.resources.KeycloakApplication
2019-08-08 10:07:52,579 INFO  [org.jboss.resteasy.resteasy_jaxrs.i18n] (ServerService Thread Pool -- 50) RESTEASY002220: Adding singleton resource org.keycloak.services.resources.ServerVersionResource from Application class org.keycloak.services.resources.KeycloakApplication
2019-08-08 10:07:52,579 INFO  [org.jboss.resteasy.resteasy_jaxrs.i18n] (ServerService Thread Pool -- 50) RESTEASY002220: Adding singleton resource org.keycloak.services.resources.RobotsResource from Application class org.keycloak.services.resources.KeycloakApplication
2019-08-08 10:07:52,580 INFO  [org.jboss.resteasy.resteasy_jaxrs.i18n] (ServerService Thread Pool -- 50) RESTEASY002220: Adding singleton resource org.keycloak.services.resources.WelcomeResource from Application class org.keycloak.services.resources.KeycloakApplication
2019-08-08 10:07:52,581 INFO  [org.jboss.resteasy.resteasy_jaxrs.i18n] (ServerService Thread Pool -- 50) RESTEASY002220: Adding singleton resource org.keycloak.services.resources.RealmsResource from Application class org.keycloak.services.resources.KeycloakApplication
2019-08-08 10:07:52,682 INFO  [org.wildfly.extension.undertow] (ServerService Thread Pool -- 50) WFLYUT0021: Registered web context: '/auth' for server 'default-server'
2019-08-08 10:07:52,714 INFO  [org.jboss.as.server] (ServerService Thread Pool -- 45) WFLYSRV0010: Deployed "keycloak-server.war" (runtime-name : "keycloak-server.war")
2019-08-08 10:07:52,989 INFO  [org.jboss.as.server] (Controller Boot Thread) WFLYSRV0212: Resuming server
2019-08-08 10:07:52,992 INFO  [org.jboss.as] (Controller Boot Thread) WFLYSRV0060: Http management interface listening on http://127.0.0.1:10090/management
2019-08-08 10:07:52,992 INFO  [org.jboss.as] (Controller Boot Thread) WFLYSRV0051: Admin console listening on http://127.0.0.1:10090
2019-08-08 10:07:52,992 INFO  [org.jboss.as] (Controller Boot Thread) WFLYSRV0025: Keycloak 3.4.3.Final (WildFly Core 3.0.8.Final) started in 14328ms - Started 545 of 881 services (604 services are lazy, passive or on-demand)
2019-08-08 10:41:54,297 INFO  [org.jboss.as.server] (Thread-2) WFLYSRV0220: Server shutdown has been requested via an OS signal
2019-08-08 10:41:54,338 INFO  [org.jboss.as.connector.subsystems.datasources] (MSC service thread 1-6) WFLYJCA0010: Unbound data source [java:jboss/datasources/KeycloakDS]
2019-08-08 10:41:54,342 INFO  [org.wildfly.extension.undertow] (MSC service thread 1-5) WFLYUT0008: Undertow HTTPS listener https suspending
2019-08-08 10:41:54,356 INFO  [org.wildfly.extension.undertow] (ServerService Thread Pool -- 23) WFLYUT0022: Unregistered web context: '/auth' from server 'default-server'
2019-08-08 10:41:54,366 INFO  [org.wildfly.extension.undertow] (MSC service thread 1-5) WFLYUT0007: Undertow HTTPS listener https stopped, was bound to 0.0.0.0:8543
2019-08-08 10:41:54,405 INFO  [org.jboss.as.connector.subsystems.datasources] (MSC service thread 1-6) WFLYJCA0010: Unbound data source [java:jboss/datasources/ExampleDS]
2019-08-08 10:41:54,418 INFO  [org.wildfly.extension.undertow] (MSC service thread 1-2) WFLYUT0019: Host default-host stopping
2019-08-08 10:41:54,420 INFO  [org.wildfly.extension.undertow] (MSC service thread 1-2) WFLYUT0008: Undertow HTTP listener default suspending
2019-08-08 10:41:54,421 INFO  [org.wildfly.extension.undertow] (MSC service thread 1-2) WFLYUT0007: Undertow HTTP listener default stopped, was bound to 0.0.0.0:8180
2019-08-08 10:41:54,425 INFO  [org.jboss.as.clustering.infinispan] (ServerService Thread Pool -- 63) WFLYCLINF0003: Stopped client-mappings cache from ejb container
2019-08-08 10:41:54,435 INFO  [org.jboss.as.clustering.infinispan] (ServerService Thread Pool -- 62) WFLYCLINF0003: Stopped keys cache from keycloak container
2019-08-08 10:41:54,435 INFO  [org.wildfly.extension.undertow] (MSC service thread 1-2) WFLYUT0004: Undertow 1.4.18.Final stopping
2019-08-08 10:41:54,438 INFO  [org.jboss.as.clustering.infinispan] (ServerService Thread Pool -- 73) WFLYCLINF0003: Stopped loginFailures cache from keycloak container
2019-08-08 10:41:54,495 INFO  [org.jboss.as.server.deployment] (MSC service thread 1-5) WFLYSRV0028: Stopped deployment keycloak-server.war (runtime-name: keycloak-server.war) in 186ms
2019-08-08 10:41:54,534 INFO  [org.jboss.as.connector.deployers.jdbc] (MSC service thread 1-4) WFLYJCA0019: Stopped Driver service with driver-name = h2
2019-08-08 10:41:54,545 INFO  [org.jboss.as.clustering.infinispan] (ServerService Thread Pool -- 68) WFLYCLINF0003: Stopped authenticationSessions cache from keycloak container
2019-08-08 10:41:54,548 INFO  [org.jboss.as.clustering.infinispan] (ServerService Thread Pool -- 71) WFLYCLINF0003: Stopped sessions cache from keycloak container
2019-08-08 10:41:54,548 INFO  [org.jboss.as.clustering.infinispan] (ServerService Thread Pool -- 74) WFLYCLINF0003: Stopped actionTokens cache from keycloak container
2019-08-08 10:41:54,548 INFO  [org.jboss.as.clustering.infinispan] (ServerService Thread Pool -- 69) WFLYCLINF0003: Stopped work cache from keycloak container
2019-08-08 10:41:54,548 INFO  [org.jboss.as.clustering.infinispan] (ServerService Thread Pool -- 23) WFLYCLINF0003: Stopped offlineSessions cache from keycloak container
2019-08-08 10:41:54,549 INFO  [org.jboss.as.clustering.infinispan] (ServerService Thread Pool -- 66) WFLYCLINF0003: Stopped realms cache from keycloak container
2019-08-08 10:41:54,549 INFO  [org.jboss.as.clustering.infinispan] (ServerService Thread Pool -- 64) WFLYCLINF0003: Stopped users cache from keycloak container
2019-08-08 10:41:54,549 INFO  [org.jboss.as.clustering.infinispan] (ServerService Thread Pool -- 70) WFLYCLINF0003: Stopped clientSessions cache from keycloak container
2019-08-08 10:41:54,549 INFO  [org.jboss.as.clustering.infinispan] (ServerService Thread Pool -- 67) WFLYCLINF0003: Stopped offlineClientSessions cache from keycloak container
2019-08-08 10:41:54,551 INFO  [org.jboss.as.clustering.infinispan] (ServerService Thread Pool -- 72) WFLYCLINF0003: Stopped authorization cache from keycloak container
2019-08-08 10:41:54,557 INFO  [org.jboss.as.clustering.infinispan] (MSC service thread 1-8) WFLYCLINF0003: Stopped authorizationRevisions cache from keycloak container
2019-08-08 10:41:54,567 INFO  [org.jboss.as.clustering.infinispan] (MSC service thread 1-8) WFLYCLINF0003: Stopped realmRevisions cache from keycloak container
2019-08-08 10:41:54,584 INFO  [org.jboss.as.clustering.infinispan] (MSC service thread 1-8) WFLYCLINF0003: Stopped userRevisions cache from keycloak container
2019-08-08 10:41:54,603 INFO  [org.jboss.as] (MSC service thread 1-6) WFLYSRV0050: Keycloak 3.4.3.Final (WildFly Core 3.0.8.Final) stopped in 291ms
